# JRE version: Java(TM) SE Runtime Environment (8.0_331-b09) (build 1.8.0_331-b09)
# Java VM: Java HotSpot(TM) 64-Bit Server VM (25.331-b09 mixed mode windows-amd64 compressed oops)
Heap:
 PSYoungGen      total 63488K, used 35169K [0x00000000ecd80000, 0x00000000f6480000, 0x0000000100000000)
  eden space 61440K, 57% used [0x00000000ecd80000,0x00000000eefd8560,0x00000000f0980000)
  from space 2048K, 0% used [0x00000000f0980000,0x00000000f0980000,0x00000000f0b80000)
  to   space 15872K, 0% used [0x00000000f5500000,0x00000000f5500000,0x00000000f6480000)
 ParOldGen       total 60416K, used 22485K [0x00000000c6800000, 0x00000000ca300000, 0x00000000ecd80000)
  object space 60416K, 37% used [0x00000000c6800000,0x00000000c7df5470,0x00000000ca300000)
 Metaspace       used 21024K, capacity 21254K, committed 21504K, reserved 1069056K
  class space    used 2693K, capacity 2781K, committed 2816K, reserved 1048576K
GC Heap History (10 events):
Event: 0.866 GC heap before
{Heap before GC invocations=2 (full 0):
 PSYoungGen      total 17408K, used 17387K [0x00000000ecd80000, 0x00000000eef80000, 0x0000000100000000)
  eden space 15360K, 100% used [0x00000000ecd80000,0x00000000edc80000,0x00000000edc80000)
  from space 2048K, 98% used [0x00000000edc80000,0x00000000ede7acf8,0x00000000ede80000)
  to   space 2048K, 0% used [0x00000000eed80000,0x00000000eed80000,0x00000000eef80000)
 ParOldGen       total 39936K, used 848K [0x00000000c6800000, 0x00000000c8f00000, 0x00000000ecd80000)
  object space 39936K, 2% used [0x00000000c6800000,0x00000000c68d40e8,0x00000000c8f00000)
 Metaspace       used 5454K, capacity 5570K, committed 5888K, reserved 1056768K
  class space    used 609K, capacity 659K, committed 768K, reserved 1048576K
Event: 0.877 GC heap after
Heap after GC invocations=2 (full 0):
 PSYoungGen      total 32768K, used 2022K [0x00000000ecd80000, 0x00000000eef80000, 0x0000000100000000)
  eden space 30720K, 0% used [0x00000000ecd80000,0x00000000ecd80000,0x00000000eeb80000)
  from space 2048K, 98% used [0x00000000eed80000,0x00000000eef79868,0x00000000eef80000)
  to   space 2048K, 0% used [0x00000000eeb80000,0x00000000eeb80000,0x00000000eed80000)
 ParOldGen       total 39936K, used 5369K [0x00000000c6800000, 0x00000000c8f00000, 0x00000000ecd80000)
  object space 39936K, 13% used [0x00000000c6800000,0x00000000c6d3e5d8,0x00000000c8f00000)
 Metaspace       used 5454K, capacity 5570K, committed 5888K, reserved 1056768K
  class space    used 609K, capacity 659K, committed 768K, reserved 1048576K
}
Event: 1.507 GC heap before
{Heap before GC invocations=3 (full 0):
 PSYoungGen      total 32768K, used 32651K [0x00000000ecd80000, 0x00000000eef80000, 0x0000000100000000)
  eden space 30720K, 99% used [0x00000000ecd80000,0x00000000eeb69768,0x00000000eeb80000)
  from space 2048K, 98% used [0x00000000eed80000,0x00000000eef79868,0x00000000eef80000)
  to   space 2048K, 0% used [0x00000000eeb80000,0x00000000eeb80000,0x00000000eed80000)
 ParOldGen       total 39936K, used 5369K [0x00000000c6800000, 0x00000000c8f00000, 0x00000000ecd80000)
  object space 39936K, 13% used [0x00000000c6800000,0x00000000c6d3e5d8,0x00000000c8f00000)
 Metaspace       used 8346K, capacity 8424K, committed 8576K, reserved 1056768K
  class space    used 1021K, capacity 1076K, committed 1152K, reserved 1048576K
Event: 1.525 GC heap after
Heap after GC invocations=3 (full 0):
 PSYoungGen      total 32768K, used 2038K [0x00000000ecd80000, 0x00000000f0d80000, 0x0000000100000000)
  eden space 30720K, 0% used [0x00000000ecd80000,0x00000000ecd80000,0x00000000eeb80000)
  from space 2048K, 99% used [0x00000000eeb80000,0x00000000eed7d888,0x00000000eed80000)
  to   space 2048K, 0% used [0x00000000f0b80000,0x00000000f0b80000,0x00000000f0d80000)
 ParOldGen       total 39936K, used 13714K [0x00000000c6800000, 0x00000000c8f00000, 0x00000000ecd80000)
  object space 39936K, 34% used [0x00000000c6800000,0x00000000c75649e0,0x00000000c8f00000)
 Metaspace       used 8346K, capacity 8424K, committed 8576K, reserved 1056768K
  class space    used 1021K, capacity 1076K, committed 1152K, reserved 1048576K
}
Event: 2.029 GC heap before
{Heap before GC invocations=4 (full 0):
 PSYoungGen      total 32768K, used 32758K [0x00000000ecd80000, 0x00000000f0d80000, 0x0000000100000000)
  eden space 30720K, 100% used [0x00000000ecd80000,0x00000000eeb80000,0x00000000eeb80000)
  from space 2048K, 99% used [0x00000000eeb80000,0x00000000eed7d888,0x00000000eed80000)
  to   space 2048K, 0% used [0x00000000f0b80000,0x00000000f0b80000,0x00000000f0d80000)
 ParOldGen       total 39936K, used 13714K [0x00000000c6800000, 0x00000000c8f00000, 0x00000000ecd80000)
  object space 39936K, 34% used [0x00000000c6800000,0x00000000c75649e0,0x00000000c8f00000)
 Metaspace       used 11481K, capacity 11598K, committed 11776K, reserved 1058816K
  class space    used 1452K, capacity 1493K, committed 1536K, reserved 1048576K
Event: 2.040 GC heap after
Heap after GC invocations=4 (full 0):
 PSYoungGen      total 63488K, used 2038K [0x00000000ecd80000, 0x00000000f0d80000, 0x0000000100000000)
  eden space 61440K, 0% used [0x00000000ecd80000,0x00000000ecd80000,0x00000000f0980000)
  from space 2048K, 99% used [0x00000000f0b80000,0x00000000f0d7d888,0x00000000f0d80000)
  to   space 2048K, 0% used [0x00000000f0980000,0x00000000f0980000,0x00000000f0b80000)
 ParOldGen       total 39936K, used 19933K [0x00000000c6800000, 0x00000000c8f00000, 0x00000000ecd80000)
  object space 39936K, 49% used [0x00000000c6800000,0x00000000c7b77728,0x00000000c8f00000)
 Metaspace       used 11481K, capacity 11598K, committed 11776K, reserved 1058816K
  class space    used 1452K, capacity 1493K, committed 1536K, reserved 1048576K
}
Event: 3.813 GC heap before
{Heap before GC invocations=5 (full 0):
 PSYoungGen      total 63488K, used 63478K [0x00000000ecd80000, 0x00000000f0d80000, 0x0000000100000000)
  eden space 61440K, 100% used [0x00000000ecd80000,0x00000000f0980000,0x00000000f0980000)
  from space 2048K, 99% used [0x00000000f0b80000,0x00000000f0d7d888,0x00000000f0d80000)
  to   space 2048K, 0% used [0x00000000f0980000,0x00000000f0980000,0x00000000f0b80000)
 ParOldGen       total 39936K, used 19933K [0x00000000c6800000, 0x00000000c8f00000, 0x00000000ecd80000)
  object space 39936K, 49% used [0x00000000c6800000,0x00000000c7b77728,0x00000000c8f00000)
 Metaspace       used 18782K, capacity 18998K, committed 19200K, reserved 1067008K
  class space    used 2441K, capacity 2513K, committed 2560K, reserved 1048576K
Event: 3.839 GC heap after
Heap after GC invocations=5 (full 0):
 PSYoungGen      total 63488K, used 2038K [0x00000000ecd80000, 0x00000000f6480000, 0x0000000100000000)
  eden space 61440K, 0% used [0x00000000ecd80000,0x00000000ecd80000,0x00000000f0980000)
  from space 2048K, 99% used [0x00000000f0980000,0x00000000f0b7d868,0x00000000f0b80000)
  to   space 15872K, 0% used [0x00000000f5500000,0x00000000f5500000,0x00000000f6480000)
 ParOldGen       total 39936K, used 31313K [0x00000000c6800000, 0x00000000c8f00000, 0x00000000ecd80000)
  object space 39936K, 78% used [0x00000000c6800000,0x00000000c8694578,0x00000000c8f00000)
 Metaspace       used 18782K, capacity 18998K, committed 19200K, reserved 1067008K
  class space    used 2441K, capacity 2513K, committed 2560K, reserved 1048576K
}
Event: 3.839 GC heap before
{Heap before GC invocations=6 (full 1):
 PSYoungGen      total 63488K, used 2038K [0x00000000ecd80000, 0x00000000f6480000, 0x0000000100000000)
  eden space 61440K, 0% used [0x00000000ecd80000,0x00000000ecd80000,0x00000000f0980000)
  from space 2048K, 99% used [0x00000000f0980000,0x00000000f0b7d868,0x00000000f0b80000)
  to   space 15872K, 0% used [0x00000000f5500000,0x00000000f5500000,0x00000000f6480000)
 ParOldGen       total 39936K, used 31313K [0x00000000c6800000, 0x00000000c8f00000, 0x00000000ecd80000)
  object space 39936K, 78% used [0x00000000c6800000,0x00000000c8694578,0x00000000c8f00000)
 Metaspace       used 18782K, capacity 18998K, committed 19200K, reserved 1067008K
  class space    used 2441K, capacity 2513K, committed 2560K, reserved 1048576K
Event: 3.952 GC heap after
Heap after GC invocations=6 (full 1):
 PSYoungGen      total 63488K, used 0K [0x00000000ecd80000, 0x00000000f6480000, 0x0000000100000000)
  eden space 61440K, 0% used [0x00000000ecd80000,0x00000000ecd80000,0x00000000f0980000)
  from space 2048K, 0% used [0x00000000f0980000,0x00000000f0980000,0x00000000f0b80000)
  to   space 15872K, 0% used [0x00000000f5500000,0x00000000f5500000,0x00000000f6480000)
 ParOldGen       total 60416K, used 22485K [0x00000000c6800000, 0x00000000ca300000, 0x00000000ecd80000)
  object space 60416K, 37% used [0x00000000c6800000,0x00000000c7df5470,0x00000000ca300000)
 Metaspace       used 18782K, capacity 18998K, committed 19200K, reserved 1067008K
  class space    used 2441K, capacity 2513K, committed 2560K, reserved 1048576K
}

